
Showing logs for build [32mcb-kubecd-bdd-spring-1581770370-9zljj-1[0m stage [32mfrom-build-pack[0m and container [32mstep-credential-initializer-2ntc4[0m
{"level":"warn","ts":1581770973.7981718,"logger":"fallback-logger","caller":"logging/config.go:69","msg":"Fetch GitHub commit ID from kodata failed: \"ref: refs/heads/0.8.0-**-support-backwards-incompats\" is not a valid GitHub commit ID"}
{"level":"info","ts":1581770973.7989266,"logger":"fallback-logger","caller":"creds-init/main.go:40","msg":"Credentials initialized."}

Showing logs for build [32mcb-kubecd-bdd-spring-1581770370-9zljj-1[0m stage [32mfrom-build-pack[0m and container [32mstep-working-dir-initializer-94dq8[0m
{"level":"warn","ts":1581770974.5994575,"logger":"fallback-logger","caller":"logging/config.go:69","msg":"Fetch GitHub commit ID from kodata failed: open /var/run/ko/HEAD: no such file or directory"}
{"level":"info","ts":1581770974.607114,"logger":"fallback-logger","caller":"bash/main.go:64","msg":"Successfully executed command \"sh -c mkdir -p /workspace/source\"; output "}

Showing logs for build [32mcb-kubecd-bdd-spring-1581770370-9zljj-1[0m stage [32mfrom-build-pack[0m and container [32mstep-place-tools[0m

Showing logs for build [32mcb-kubecd-bdd-spring-1581770370-9zljj-1[0m stage [32mfrom-build-pack[0m and container [32mstep-git-source-cb-kubecd-bdd-spring-1581770370-9zljj-m8dlf[0m
{"level":"warn","ts":1581770983.9614918,"logger":"fallback-logger","caller":"logging/config.go:69","msg":"Fetch GitHub commit ID from kodata failed: \"ref: refs/heads/0.8.0-**-support-backwards-incompats\" is not a valid GitHub commit ID"}
{"level":"info","ts":1581770985.1505167,"logger":"fallback-logger","caller":"git/git.go:103","msg":"Successfully cloned https://github.com/cb-kubecd/bdd-spring-1581770370.git @ master in path /workspace/source"}

Showing logs for build [32mcb-kubecd-bdd-spring-1581770370-9zljj-1[0m stage [32mfrom-build-pack[0m and container [32mstep-git-merge[0m
Using SHAs from PULL_REFS=master:d64fd4ea7a1113d5667683b121bbd55b9e46c6eb,1:1990ed52c24e12877d29f2968228739d4d9e7805
DEBUG: LC_ALL=C JX_LOG_LEVEL=error git fetch origin --unshallow 1990ed52c24e12877d29f2968228739d4d9e7805: d64fd4ea7a1113d5667683b121bbd55b9e46c6eb:
DEBUG: ran git fetch --unshallow origin 1990ed52c24e12877d29f2968228739d4d9e7805: d64fd4ea7a1113d5667683b121bbd55b9e46c6eb: in 
DEBUG: JX_LOG_LEVEL=error LC_ALL=C git branch
DEBUG: LC_ALL=C JX_LOG_LEVEL=error git checkout master
DEBUG: ran git checkout master in 
DEBUG: LC_ALL=C JX_LOG_LEVEL=error git reset --hard d64fd4ea7a1113d5667683b121bbd55b9e46c6eb
DEBUG: ran git reset --hard d64fd4ea7a1113d5667683b121bbd55b9e46c6eb in 
DEBUG: JX_LOG_LEVEL=error LC_ALL=C git clean -fd .
DEBUG: ran clean --force -d . in 
DEBUG: LC_ALL=C JX_LOG_LEVEL=error git merge 1990ed52c24e12877d29f2968228739d4d9e7805
DEBUG: ran git merge 1990ed52c24e12877d29f2968228739d4d9e7805 in 
DEBUG: LC_ALL=C JX_LOG_LEVEL=error git log --format=%H%x1f%an%x1f%ae%x1f%cn%x1f%ce%x1f%s%n%b%x1e d64fd4ea7a1113d5667683b121bbd55b9e46c6eb..HEAD
Merged SHA 1990ed52c24e12877d29f2968228739d4d9e7805 with commit message 'My first PR commit' into base branch master

Showing logs for build [32mcb-kubecd-bdd-spring-1581770370-9zljj-1[0m stage [32mfrom-build-pack[0m and container [32mstep-build-set-version[0m
Picked up _JAVA_OPTIONS: -XX:+UnlockExperimentalVMOptions -XX:+UseCGroupMemoryLimitForHeap -Dsun.zip.disableMemoryMapping=true -XX:+UseParallelGC -XX:MinHeapFreeRatio=5 -XX:MaxHeapFreeRatio=10 -XX:GCTimeRatio=4 -XX:AdaptiveSizePolicyWeight=90 -Xms10m -Xmx192m
OpenJDK 64-Bit Server VM warning: If the number of processors is expected to increase from one, then you should configure the number of parallel GC threads appropriately using -XX:ParallelGCThreads=N
[INFO] Scanning for projects...
[INFO] 
[INFO] -----------------< com.example:bdd-spring-1581770370 >------------------
[INFO] Building demo 0.0.1-SNAPSHOT
[INFO] --------------------------------[ jar ]---------------------------------
[INFO] 
[INFO] --- versions-maven-plugin:2.7:set (default-cli) @ bdd-spring-1581770370 ---
[INFO] Searching for local aggregator root...
[INFO] Local aggregation root: /workspace/source
[INFO] Processing change of com.example:bdd-spring-1581770370:0.0.1-SNAPSHOT -> 0.0.0-SNAPSHOT-PR-1-1
[INFO] Processing com.example:bdd-spring-1581770370
[INFO]     Updating project com.example:bdd-spring-1581770370
[INFO]         from version 0.0.1-SNAPSHOT to 0.0.0-SNAPSHOT-PR-1-1
[INFO] 
[INFO] ------------------------------------------------------------------------
[INFO] BUILD SUCCESS
[INFO] ------------------------------------------------------------------------
[INFO] Total time:  20.762 s
[INFO] Finished at: 2020-02-15T12:50:11Z
[INFO] ------------------------------------------------------------------------

Showing logs for build [32mcb-kubecd-bdd-spring-1581770370-9zljj-1[0m stage [32mfrom-build-pack[0m and container [32mstep-build-mvn-install[0m
Picked up _JAVA_OPTIONS: -XX:+UnlockExperimentalVMOptions -XX:+UseCGroupMemoryLimitForHeap -Dsun.zip.disableMemoryMapping=true -XX:+UseParallelGC -XX:MinHeapFreeRatio=5 -XX:MaxHeapFreeRatio=10 -XX:GCTimeRatio=4 -XX:AdaptiveSizePolicyWeight=90 -Xms10m -Xmx192m
OpenJDK 64-Bit Server VM warning: If the number of processors is expected to increase from one, then you should configure the number of parallel GC threads appropriately using -XX:ParallelGCThreads=N
[INFO] Scanning for projects...
[INFO] 
[INFO] -----------------< com.example:bdd-spring-1581770370 >------------------
[INFO] Building demo 0.0.0-SNAPSHOT-PR-1-1
[INFO] --------------------------------[ jar ]---------------------------------
[INFO] 
[INFO] --- maven-resources-plugin:3.1.0:resources (default-resources) @ bdd-spring-1581770370 ---
[INFO] Using 'UTF-8' encoding to copy filtered resources.
[INFO] Copying 1 resource
[INFO] Copying 0 resource
[INFO] 
[INFO] --- maven-compiler-plugin:3.8.1:compile (default-compile) @ bdd-spring-1581770370 ---
[INFO] Changes detected - recompiling the module!
[INFO] Compiling 1 source file to /workspace/source/target/classes
[INFO] 
[INFO] --- maven-resources-plugin:3.1.0:testResources (default-testResources) @ bdd-spring-1581770370 ---
[INFO] Using 'UTF-8' encoding to copy filtered resources.
[INFO] skip non existing resourceDirectory /workspace/source/src/test/resources
[INFO] 
[INFO] --- maven-compiler-plugin:3.8.1:testCompile (default-testCompile) @ bdd-spring-1581770370 ---
[INFO] Changes detected - recompiling the module!
[INFO] Compiling 1 source file to /workspace/source/target/test-classes
[INFO] 
[INFO] --- maven-surefire-plugin:3.0.0-M1:test (default-test) @ bdd-spring-1581770370 ---
[INFO] 
[INFO] -------------------------------------------------------
[INFO]  T E S T S
[INFO] -------------------------------------------------------
[INFO] Running com.example.bddspring1581770370.DemoApplicationTests
12:50:34.540 [main] DEBUG org.springframework.test.context.BootstrapUtils - Instantiating CacheAwareContextLoaderDelegate from class [org.springframework.test.context.cache.DefaultCacheAwareContextLoaderDelegate]
12:50:34.624 [main] DEBUG org.springframework.test.context.BootstrapUtils - Instantiating BootstrapContext using constructor [public org.springframework.test.context.support.DefaultBootstrapContext(java.lang.Class,org.springframework.test.context.CacheAwareContextLoaderDelegate)]
12:50:34.762 [main] DEBUG org.springframework.test.context.BootstrapUtils - Instantiating TestContextBootstrapper for test class [com.example.bddspring1581770370.DemoApplicationTests] from class [org.springframework.boot.test.context.SpringBootTestContextBootstrapper]
12:50:34.834 [main] INFO org.springframework.boot.test.context.SpringBootTestContextBootstrapper - Neither @ContextConfiguration nor @ContextHierarchy found for test class [com.example.bddspring1581770370.DemoApplicationTests], using SpringBootContextLoader
12:50:34.844 [main] DEBUG org.springframework.test.context.support.AbstractContextLoader - Did not detect default resource location for test class [com.example.bddspring1581770370.DemoApplicationTests]: class path resource [com/example/bddspring1581770370/DemoApplicationTests-context.xml] does not exist
12:50:34.845 [main] DEBUG org.springframework.test.context.support.AbstractContextLoader - Did not detect default resource location for test class [com.example.bddspring1581770370.DemoApplicationTests]: class path resource [com/example/bddspring1581770370/DemoApplicationTestsContext.groovy] does not exist
12:50:34.847 [main] INFO org.springframework.test.context.support.AbstractContextLoader - Could not detect default resource locations for test class [com.example.bddspring1581770370.DemoApplicationTests]: no resource found for suffixes {-context.xml, Context.groovy}.
12:50:34.848 [main] INFO org.springframework.test.context.support.AnnotationConfigContextLoaderUtils - Could not detect default configuration classes for test class [com.example.bddspring1581770370.DemoApplicationTests]: DemoApplicationTests does not declare any static, non-private, non-final, nested classes annotated with @Configuration.
12:50:34.957 [main] DEBUG org.springframework.test.context.support.ActiveProfilesUtils - Could not find an 'annotation declaring class' for annotation type [org.springframework.test.context.ActiveProfiles] and class [com.example.bddspring1581770370.DemoApplicationTests]
12:50:35.134 [main] DEBUG org.springframework.context.annotation.ClassPathScanningCandidateComponentProvider - Identified candidate component class: file [/workspace/source/target/classes/com/example/bddspring1581770370/DemoApplication.class]
12:50:35.136 [main] INFO org.springframework.boot.test.context.SpringBootTestContextBootstrapper - Found @SpringBootConfiguration com.example.bddspring1581770370.DemoApplication for test class com.example.bddspring1581770370.DemoApplicationTests
12:50:35.362 [main] DEBUG org.springframework.boot.test.context.SpringBootTestContextBootstrapper - @TestExecutionListeners is not present for class [com.example.bddspring1581770370.DemoApplicationTests]: using defaults.
12:50:35.364 [main] INFO org.springframework.boot.test.context.SpringBootTestContextBootstrapper - Loaded default TestExecutionListener class names from location [META-INF/spring.factories]: [org.springframework.boot.test.mock.mockito.MockitoTestExecutionListener, org.springframework.boot.test.mock.mockito.ResetMocksTestExecutionListener, org.springframework.boot.test.autoconfigure.restdocs.RestDocsTestExecutionListener, org.springframework.boot.test.autoconfigure.web.client.MockRestServiceServerResetTestExecutionListener, org.springframework.boot.test.autoconfigure.web.servlet.MockMvcPrintOnlyOnFailureTestExecutionListener, org.springframework.boot.test.autoconfigure.web.servlet.WebDriverTestExecutionListener, org.springframework.test.context.web.ServletTestExecutionListener, org.springframework.test.context.support.DirtiesContextBeforeModesTestExecutionListener, org.springframework.test.context.support.DependencyInjectionTestExecutionListener, org.springframework.test.context.support.DirtiesContextTestExecutionListener, org.springframework.test.context.transaction.TransactionalTestExecutionListener, org.springframework.test.context.jdbc.SqlScriptsTestExecutionListener, org.springframework.test.context.event.EventPublishingTestExecutionListener]
12:50:35.388 [main] DEBUG org.springframework.boot.test.context.SpringBootTestContextBootstrapper - Skipping candidate TestExecutionListener [org.springframework.test.context.transaction.TransactionalTestExecutionListener] due to a missing dependency. Specify custom listener classes or make the default listener classes and their required dependencies available. Offending class: [org/springframework/transaction/TransactionDefinition]
12:50:35.423 [main] DEBUG org.springframework.boot.test.context.SpringBootTestContextBootstrapper - Skipping candidate TestExecutionListener [org.springframework.test.context.jdbc.SqlScriptsTestExecutionListener] due to a missing dependency. Specify custom listener classes or make the default listener classes and their required dependencies available. Offending class: [org/springframework/transaction/interceptor/TransactionAttribute]
12:50:35.430 [main] INFO org.springframework.boot.test.context.SpringBootTestContextBootstrapper - Using TestExecutionListeners: [org.springframework.test.context.web.ServletTestExecutionListener@505fc5a4, org.springframework.test.context.support.DirtiesContextBeforeModesTestExecutionListener@5fbdfdcf, org.springframework.boot.test.mock.mockito.MockitoTestExecutionListener@4efc180e, org.springframework.boot.test.autoconfigure.SpringBootDependencyInjectionTestExecutionListener@bd4dc25, org.springframework.test.context.support.DirtiesContextTestExecutionListener@25084a1e, org.springframework.test.context.event.EventPublishingTestExecutionListener@156b88f5, org.springframework.boot.test.mock.mockito.ResetMocksTestExecutionListener@3bf9ce3e, org.springframework.boot.test.autoconfigure.restdocs.RestDocsTestExecutionListener@16610890, org.springframework.boot.test.autoconfigure.web.client.MockRestServiceServerResetTestExecutionListener@71def8f8, org.springframework.boot.test.autoconfigure.web.servlet.MockMvcPrintOnlyOnFailureTestExecutionListener@383bfa16, org.springframework.boot.test.autoconfigure.web.servlet.WebDriverTestExecutionListener@4d465b11]
12:50:35.449 [main] DEBUG org.springframework.test.context.support.AbstractDirtiesContextTestExecutionListener - Before test class: context [DefaultTestContext@169e6180 testClass = DemoApplicationTests, testInstance = [null], testMethod = [null], testException = [null], mergedContextConfiguration = [WebMergedContextConfiguration@35aea049 testClass = DemoApplicationTests, locations = '{}', classes = '{class com.example.bddspring1581770370.DemoApplication}', contextInitializerClasses = '[]', activeProfiles = '{}', propertySourceLocations = '{}', propertySourceProperties = '{org.springframework.boot.test.context.SpringBootTestContextBootstrapper=true}', contextCustomizers = set[org.springframework.boot.test.context.filter.ExcludeFilterContextCustomizer@647fd8ce, org.springframework.boot.test.json.DuplicateJsonObjectContextCustomizerFactory$DuplicateJsonObjectContextCustomizer@5dd6264, org.springframework.boot.test.mock.mockito.MockitoContextCustomizer@0, org.springframework.boot.test.web.client.TestRestTemplateContextCustomizer@3967e60c, org.springframework.boot.test.autoconfigure.properties.PropertyMappingContextCustomizer@0, org.springframework.boot.test.autoconfigure.web.servlet.WebDriverContextCustomizerFactory$Customizer@10e92f8f], resourceBasePath = 'src/main/webapp', contextLoader = 'org.springframework.boot.test.context.SpringBootContextLoader', parent = [null]], attributes = map['org.springframework.test.context.web.ServletTestExecutionListener.activateListener' -> true]], class annotated with @DirtiesContext [false] with mode [null].
12:50:35.541 [main] DEBUG org.springframework.test.context.support.TestPropertySourceUtils - Adding inlined properties to environment: {spring.jmx.enabled=false, org.springframework.boot.test.context.SpringBootTestContextBootstrapper=true, server.port=-1}

  .   ____          _            __ _ _
 /\\ / ___'_ __ _ _(_)_ __  __ _ \ \ \ \
( ( )\___ | '_ | '_| | '_ \/ _` | \ \ \ \
 \\/  ___)| |_)| | | | | || (_| |  ) ) ) )
  '  |____| .__|_| |_|_| |_\__, | / / / /
 =========|_|==============|___/=/_/_/_/
 :: Spring Boot ::        (v2.2.4.RELEASE)

2020-02-15 12:50:36.341  INFO 64 --- [           main] c.e.b.DemoApplicationTests               : Starting DemoApplicationTests on cb-kubecd-bdd-spring-1581770370-9zljj-1-from-build-pack-sx5xh-p with PID 64 (started by root in /workspace/source)
2020-02-15 12:50:36.346  INFO 64 --- [           main] c.e.b.DemoApplicationTests               : No active profile set, falling back to default profiles: default
2020-02-15 12:50:43.949  INFO 64 --- [           main] o.s.s.concurrent.ThreadPoolTaskExecutor  : Initializing ExecutorService 'applicationTaskExecutor'
2020-02-15 12:50:46.049  INFO 64 --- [           main] o.s.b.a.e.web.EndpointLinksResolver      : Exposing 2 endpoint(s) beneath base path '/actuator'
2020-02-15 12:50:46.273  INFO 64 --- [           main] c.e.b.DemoApplicationTests               : Started DemoApplicationTests in 10.701 seconds (JVM running for 13.608)
[INFO] Tests run: 1, Failures: 0, Errors: 0, Skipped: 0, Time elapsed: 13.026 s - in com.example.bddspring1581770370.DemoApplicationTests
2020-02-15 12:50:47.484  INFO 64 --- [extShutdownHook] o.s.s.concurrent.ThreadPoolTaskExecutor  : Shutting down ExecutorService 'applicationTaskExecutor'
[INFO] 
[INFO] Results:
[INFO] 
[INFO] Tests run: 1, Failures: 0, Errors: 0, Skipped: 0
[INFO] 
[INFO] 
[INFO] --- maven-jar-plugin:3.1.2:jar (default-jar) @ bdd-spring-1581770370 ---
[INFO] Building jar: /workspace/source/target/bdd-spring-1581770370-0.0.0-SNAPSHOT-PR-1-1.jar
[INFO] 
[INFO] --- spring-boot-maven-plugin:2.2.4.RELEASE:repackage (repackage) @ bdd-spring-1581770370 ---
[INFO] Replacing main artifact with repackaged archive
[INFO] 
[INFO] --- maven-install-plugin:2.5.2:install (default-install) @ bdd-spring-1581770370 ---
[INFO] Installing /workspace/source/target/bdd-spring-1581770370-0.0.0-SNAPSHOT-PR-1-1.jar to /home/jenkins/.mvnrepository/com/example/bdd-spring-1581770370/0.0.0-SNAPSHOT-PR-1-1/bdd-spring-1581770370-0.0.0-SNAPSHOT-PR-1-1.jar
[INFO] Installing /workspace/source/pom.xml to /home/jenkins/.mvnrepository/com/example/bdd-spring-1581770370/0.0.0-SNAPSHOT-PR-1-1/bdd-spring-1581770370-0.0.0-SNAPSHOT-PR-1-1.pom
[INFO] ------------------------------------------------------------------------
[INFO] BUILD SUCCESS
[INFO] ------------------------------------------------------------------------
[INFO] Total time:  38.792 s
[INFO] Finished at: 2020-02-15T12:50:53Z
[INFO] ------------------------------------------------------------------------

Showing logs for build [32mcb-kubecd-bdd-spring-1581770370-9zljj-1[0m stage [32mfrom-build-pack[0m and container [32mstep-build-skaffold-version[0m
v1.0.1

Showing logs for build [32mcb-kubecd-bdd-spring-1581770370-9zljj-1[0m stage [32mfrom-build-pack[0m and container [32mstep-build-container-build[0m
[36mINFO[0m[0000] Downloading base image openjdk:8-jdk-slim    
ERROR: logging before flag.Parse: E0215 12:50:55.980902      10 metadata.go:142] while reading 'google-dockercfg' metadata: http status code: 404 while fetching url http://metadata.google.internal./computeMetadata/v1/instance/attributes/google-dockercfg
ERROR: logging before flag.Parse: E0215 12:50:55.985153      10 metadata.go:159] while reading 'google-dockercfg-url' metadata: http status code: 404 while fetching url http://metadata.google.internal./computeMetadata/v1/instance/attributes/google-dockercfg-url
2020/02/15 12:50:55 No matching credentials were found, falling back on anonymous
[36mINFO[0m[0001] Error while retrieving image from cache: getting file info: stat /workspace/sha256:f3866dd8be6d27d0e09ed483cf0ffb3b3c21e76ccd766b3a4b629a43cae9c94c: no such file or directory 
[36mINFO[0m[0001] Downloading base image openjdk:8-jdk-slim    
2020/02/15 12:50:57 No matching credentials were found, falling back on anonymous
[36mINFO[0m[0002] cmd: EXPOSE                                  
[36mINFO[0m[0002] Adding exposed port: 8080/tcp                
[36mINFO[0m[0002] Using files from context: [/workspace/source/pom.xml] 
[36mINFO[0m[0002] Using files from context: [/workspace/source/target/bdd-spring-1581770370-0.0.0-SNAPSHOT-PR-1-1.jar] 
[36mINFO[0m[0002] Skipping unpacking as no commands require it. 
[36mINFO[0m[0002] Taking snapshot of full filesystem...        
[36mINFO[0m[0002] ENV PORT 8080                                
[36mINFO[0m[0002] No files changed in this command, skipping snapshotting. 
[36mINFO[0m[0002] ENV CLASSPATH /opt/lib                       
[36mINFO[0m[0002] No files changed in this command, skipping snapshotting. 
[36mINFO[0m[0002] EXPOSE 8080                                  
[36mINFO[0m[0002] cmd: EXPOSE                                  
[36mINFO[0m[0002] Adding exposed port: 8080/tcp                
[36mINFO[0m[0002] No files changed in this command, skipping snapshotting. 
[36mINFO[0m[0002] Using files from context: [/workspace/source/pom.xml] 
[36mINFO[0m[0002] COPY pom.xml target/lib* /opt/lib/           
[36mINFO[0m[0002] Taking snapshot of files...                  
[36mINFO[0m[0002] Using files from context: [/workspace/source/target/bdd-spring-1581770370-0.0.0-SNAPSHOT-PR-1-1.jar] 
[36mINFO[0m[0002] COPY target/*.jar /opt/app.jar               
[36mINFO[0m[0002] Taking snapshot of files...                  
[36mINFO[0m[0002] WORKDIR /opt                                 
[36mINFO[0m[0002] cmd: workdir                                 
[36mINFO[0m[0002] Changed working directory to /opt            
[36mINFO[0m[0002] No files changed in this command, skipping snapshotting. 
[36mINFO[0m[0002] CMD ["java", "-XX:+UnlockExperimentalVMOptions", "-XX:+UseCGroupMemoryLimitForHeap", "-jar", "app.jar"] 
[36mINFO[0m[0002] No files changed in this command, skipping snapshotting. 
2020/02/15 12:50:59 existing blob: sha256:4836bf357bc05fde276db1412eb17d9c5ae12fc0751947bd3cbef5879f5ee955
2020/02/15 12:50:59 existing blob: sha256:bc51dd8edc1b1132bb97827ed6bd16aac332b03fb03d4c02d2088067a5fbb499
2020/02/15 12:50:59 existing blob: sha256:d1d06863bb82bdc3f4cd17d49c0dee8720f91c4d9e40cce1b4a691f9459266be
2020/02/15 12:50:59 existing blob: sha256:6dc6df7db36a5a1267aa98ac410ecdbf10e39333a934539ecbc78a1283016206
2020/02/15 12:51:02 pushed blob: sha256:b8b7f7c3aeb8498e1712e0d114fb66d59cd97667596cb4b47c600c6660ce09b3
2020/02/15 12:51:02 pushed blob: sha256:1edfa7654c7951ccf03af0519e89d19cd633789d2547f599b293aaae45abe698
2020/02/15 12:51:04 pushed blob: sha256:cf195fb8221cb25097e6c319d3fd1096a118adcf526315f117c272a67de6ec8c
2020/02/15 12:51:05 gcr.io/jenkins-x-bdd3/bdd-spring-1581770370:0.0.0-SNAPSHOT-PR-1-1: digest: sha256:57259c496eb7e063572764c12fa6ed5299a1adb1977609d134640391419cbb64 size: 1244

Showing logs for build [32mcb-kubecd-bdd-spring-1581770370-9zljj-1[0m stage [32mfrom-build-pack[0m and container [32mstep-postbuild-post-build[0m
no CVE provider running in the current ** namespace so skip adding image to be analysed

Showing logs for build [32mcb-kubecd-bdd-spring-1581770370-9zljj-1[0m stage [32mfrom-build-pack[0m and container [32mstep-promote-make-preview[0m
sed -i -e "s/version:.*/version: 0.0.0-SNAPSHOT-PR-1-1/" Chart.yaml
sed -i -e "s/version:.*/version: 0.0.0-SNAPSHOT-PR-1-1/" ../*/Chart.yaml
sed -i -e "s|repository:.*|repository: gcr.io\/jenkins-x-bdd3\/bdd-spring-1581770370|" values.yaml
sed -i -e "s/tag:.*/tag: 0.0.0-SNAPSHOT-PR-1-1/" values.yaml
echo "  version: 0.0.0-SNAPSHOT-PR-1-1" >> requirements.yaml
** step helm build
WARNING: No $CHART_REPOSITORY defined so using the default value of: http://jenkins-x-chartmuseum:8080
Adding missing Helm repo: storage.googleapis.com https://storage.googleapis.com/chartmuseum.jenkins-x.io
WARNING: No secrets found on "helm/repos" due: reading the secret "helm/repos" from vault: no secret "helm/repos" not found in vault
Read credentials for https://storage.googleapis.com/chartmuseum.jenkins-x.io from vault helm/repos
Successfully added Helm repository storage.googleapis.com.
Adding missing Helm repo: jenkins-x-chartmuseum http://jenkins-x-chartmuseum:8080
WARNING: No secrets found on "helm/repos" due: reading the secret "helm/repos" from vault: no secret "helm/repos" not found in vault
Read credentials for http://jenkins-x-chartmuseum:8080 from vault helm/repos
Successfully added Helm repository jenkins-x-chartmuseum.
WARNING: No $CHART_REPOSITORY defined so using the default value of: http://jenkins-x-chartmuseum:8080
Adding missing Helm repo: chartmuseum.jenkins-x.io http://chartmuseum.jenkins-x.io
WARNING: No secrets found on "helm/repos" due: reading the secret "helm/repos" from vault: no secret "helm/repos" not found in vault
Read credentials for http://chartmuseum.jenkins-x.io from vault helm/repos
Successfully added Helm repository chartmuseum.jenkins-x.io.

Showing logs for build [32mcb-kubecd-bdd-spring-1581770370-9zljj-1[0m stage [32mfrom-build-pack[0m and container [32mstep-promote-jx-preview[0m
Creating a preview
Created environment cb-kubecd-bdd-spring-1581770370-pr-1
Namespace **-cb-kubecd-bdd-spring-1581770370-pr-1 created 
expose:
  Annotations:
    helm.sh/hook: post-install,post-upgrade
    helm.sh/hook-delete-policy: hook-succeeded
  config:
    domain: c**du12.bdd.jenkins-x.rocks
    exposer: Ingress
    http: "true"
preview:
  image:
    repository: gcr.io/jenkins-x-bdd3/bdd-spring-1581770370
    tag: 0.0.0-SNAPSHOT-PR-1-1

Updating PipelineActivities cb-kubecd-bdd-spring-1581770370-pr-1-1 which has status Running
WARNING: preview application http://bdd-spring-1581770370.**-cb-kubecd-bdd-spring-1581770370-pr-1.c**du12.bdd.jenkins-x.rocks not available, error was Get http://bdd-spring-1581770370.**-cb-kubecd-bdd-spring-1581770370-pr-1.c**du12.bdd.jenkins-x.rocks: dial tcp: lookup bdd-spring-1581770370.**-cb-kubecd-bdd-spring-1581770370-pr-1.c**du12.bdd.jenkins-x.rocks on 10.19.240.10:53: no such host, delaying for: 525.193959ms
WARNING: preview application http://bdd-spring-1581770370.**-cb-kubecd-bdd-spring-1581770370-pr-1.c**du12.bdd.jenkins-x.rocks not available, error was Get http://bdd-spring-1581770370.**-cb-kubecd-bdd-spring-1581770370-pr-1.c**du12.bdd.jenkins-x.rocks: dial tcp: lookup bdd-spring-1581770370.**-cb-kubecd-bdd-spring-1581770370-pr-1.c**du12.bdd.jenkins-x.rocks on 10.19.240.10:53: no such host, delaying for: 1.339876499s
WARNING: preview application http://bdd-spring-1581770370.**-cb-kubecd-bdd-spring-1581770370-pr-1.c**du12.bdd.jenkins-x.rocks not available, error was Get http://bdd-spring-1581770370.**-cb-kubecd-bdd-spring-1581770370-pr-1.c**du12.bdd.jenkins-x.rocks: dial tcp: lookup bdd-spring-1581770370.**-cb-kubecd-bdd-spring-1581770370-pr-1.c**du12.bdd.jenkins-x.rocks on 10.19.240.10:53: no such host, delaying for: 1.850874036s
WARNING: preview application http://bdd-spring-1581770370.**-cb-kubecd-bdd-spring-1581770370-pr-1.c**du12.bdd.jenkins-x.rocks not available, error was Get http://bdd-spring-1581770370.**-cb-kubecd-bdd-spring-1581770370-pr-1.c**du12.bdd.jenkins-x.rocks: dial tcp: lookup bdd-spring-1581770370.**-cb-kubecd-bdd-spring-1581770370-pr-1.c**du12.bdd.jenkins-x.rocks on 10.19.240.10:53: no such host, delaying for: 2.933252018s
WARNING: preview application http://bdd-spring-1581770370.**-cb-kubecd-bdd-spring-1581770370-pr-1.c**du12.bdd.jenkins-x.rocks not available, error was Get http://bdd-spring-1581770370.**-cb-kubecd-bdd-spring-1581770370-pr-1.c**du12.bdd.jenkins-x.rocks: dial tcp: lookup bdd-spring-1581770370.**-cb-kubecd-bdd-spring-1581770370-pr-1.c**du12.bdd.jenkins-x.rocks on 10.19.240.10:53: no such host, delaying for: 2.824501689s
WARNING: preview application http://bdd-spring-1581770370.**-cb-kubecd-bdd-spring-1581770370-pr-1.c**du12.bdd.jenkins-x.rocks not available, error was Get http://bdd-spring-1581770370.**-cb-kubecd-bdd-spring-1581770370-pr-1.c**du12.bdd.jenkins-x.rocks: dial tcp: lookup bdd-spring-1581770370.**-cb-kubecd-bdd-spring-1581770370-pr-1.c**du12.bdd.jenkins-x.rocks on 10.19.240.10:53: no such host, delaying for: 10.974447712s
WARNING: preview application http://bdd-spring-1581770370.**-cb-kubecd-bdd-spring-1581770370-pr-1.c**du12.bdd.jenkins-x.rocks not available, error was Get http://bdd-spring-1581770370.**-cb-kubecd-bdd-spring-1581770370-pr-1.c**du12.bdd.jenkins-x.rocks: dial tcp: lookup bdd-spring-1581770370.**-cb-kubecd-bdd-spring-1581770370-pr-1.c**du12.bdd.jenkins-x.rocks on 10.19.240.10:53: no such host, delaying for: 10.256486862s
WARNING: preview application http://bdd-spring-1581770370.**-cb-kubecd-bdd-spring-1581770370-pr-1.c**du12.bdd.jenkins-x.rocks not available, error was Get http://bdd-spring-1581770370.**-cb-kubecd-bdd-spring-1581770370-pr-1.c**du12.bdd.jenkins-x.rocks: dial tcp: lookup bdd-spring-1581770370.**-cb-kubecd-bdd-spring-1581770370-pr-1.c**du12.bdd.jenkins-x.rocks on 10.19.240.10:53: no such host, delaying for: 20.917101179s
WARNING: preview application http://bdd-spring-1581770370.**-cb-kubecd-bdd-spring-1581770370-pr-1.c**du12.bdd.jenkins-x.rocks not available, error was Get http://bdd-spring-1581770370.**-cb-kubecd-bdd-spring-1581770370-pr-1.c**du12.bdd.jenkins-x.rocks: dial tcp: lookup bdd-spring-1581770370.**-cb-kubecd-bdd-spring-1581770370-pr-1.c**du12.bdd.jenkins-x.rocks on 10.19.240.10:53: no such host, delaying for: 13.194462387s
WARNING: preview application http://bdd-spring-1581770370.**-cb-kubecd-bdd-spring-1581770370-pr-1.c**du12.bdd.jenkins-x.rocks not available, error was Get http://bdd-spring-1581770370.**-cb-kubecd-bdd-spring-1581770370-pr-1.c**du12.bdd.jenkins-x.rocks: dial tcp: lookup bdd-spring-1581770370.**-cb-kubecd-bdd-spring-1581770370-pr-1.c**du12.bdd.jenkins-x.rocks on 10.19.240.10:53: no such host, delaying for: 51.254294248s
Preview application is now available at: http://bdd-spring-1581770370.**-cb-kubecd-bdd-spring-1581770370-pr-1.c**du12.bdd.jenkins-x.rocks
